Started GET "/" for 127.0.0.1 at 2017-10-02 10:10:40 -0400
  
ActiveRecord::PendingMigrationError (

Migrations are pending. To resolve this issue, run:

        bin/rails db:migrate RAILS_ENV=development

):
  
activerecord (5.1.4) lib/active_record/migration.rb:576:in `check_pending!'
activerecord (5.1.4) lib/active_record/migration.rb:553:in `call'
actionpack (5.1.4) lib/action_dispatch/middleware/callbacks.rb:26:in `block in call'
activesupport (5.1.4) lib/active_support/callbacks.rb:97:in `run_callbacks'
actionpack (5.1.4) lib/action_dispatch/middleware/callbacks.rb:24:in `call'
actionpack (5.1.4) lib/action_dispatch/middleware/executor.rb:12:in `call'
actionpack (5.1.4) lib/action_dispatch/middleware/debug_exceptions.rb:59:in `call'
web-console (3.5.1) lib/web_console/middleware.rb:135:in `call_app'
web-console (3.5.1) lib/web_console/middleware.rb:28:in `block in call'
web-console (3.5.1) lib/web_console/middleware.rb:18:in `catch'
web-console (3.5.1) lib/web_console/middleware.rb:18:in `call'
actionpack (5.1.4) lib/action_dispatch/middleware/show_exceptions.rb:31:in `call'
railties (5.1.4) lib/rails/rack/logger.rb:36:in `call_app'
railties (5.1.4) lib/rails/rack/logger.rb:24:in `block in call'
activesupport (5.1.4) lib/active_support/tagged_logging.rb:69:in `block in tagged'
activesupport (5.1.4) lib/active_support/tagged_logging.rb:26:in `tagged'
activesupport (5.1.4) lib/active_support/tagged_logging.rb:69:in `tagged'
railties (5.1.4) lib/rails/rack/logger.rb:24:in `call'
sprockets-rails (3.2.1) lib/sprockets/rails/quiet_assets.rb:13:in `call'
actionpack (5.1.4) lib/action_dispatch/middleware/remote_ip.rb:79:in `call'
actionpack (5.1.4) lib/action_dispatch/middleware/request_id.rb:25:in `call'
rack (2.0.3) lib/rack/method_override.rb:22:in `call'
rack (2.0.3) lib/rack/runtime.rb:22:in `call'
activesupport (5.1.4) lib/active_support/cache/strategy/local_cache_middleware.rb:27:in `call'
actionpack (5.1.4) lib/action_dispatch/middleware/executor.rb:12:in `call'
actionpack (5.1.4) lib/action_dispatch/middleware/static.rb:125:in `call'
rack (2.0.3) lib/rack/sendfile.rb:111:in `call'
railties (5.1.4) lib/rails/engine.rb:522:in `call'
puma (3.10.0) lib/puma/configuration.rb:225:in `call'
puma (3.10.0) lib/puma/server.rb:605:in `handle_request'
puma (3.10.0) lib/puma/server.rb:437:in `process_client'
puma (3.10.0) lib/puma/server.rb:301:in `block in run'
puma (3.10.0) lib/puma/thread_pool.rb:120:in `block in spawn_thread'
  [1m[35m (0.1ms)[0m  [1m[34mSELECT sqlite_version(*)[0m
  [1m[35m (2.0ms)[0m  [1m[35mCREATE TABLE "schema_migrations" ("version" varchar NOT NULL PRIMARY KEY)[0m
  [1m[35m (1.2ms)[0m  [1m[35mCREATE TABLE "ar_internal_metadata" ("key" varchar NOT NULL PRIMARY KEY, "value" varchar, "created_at" datetime NOT NULL, "updated_at" datetime NOT NULL)[0m
  [1m[35m (0.1ms)[0m  [1m[34mSELECT "schema_migrations"."version" FROM "schema_migrations" ORDER BY "schema_migrations"."version" ASC[0m
Migrating to CreateEditors (20171002135924)
  [1m[35m (0.1ms)[0m  [1m[36mbegin transaction[0m
  [1m[35m (0.4ms)[0m  [1m[35mCREATE TABLE "editors" ("id" INTEGER PRIMARY KEY AUTOINCREMENT NOT NULL, "name" varchar, "date_created" varchar, "latest_version" varchar, "creator" varchar, "short_description" varchar, "created_at" datetime NOT NULL, "updated_at" datetime NOT NULL)[0m
  [1m[35mSQL (0.1ms)[0m  [1m[32mINSERT INTO "schema_migrations" ("version") VALUES (?)[0m  [["version", "20171002135924"]]
  [1m[35m (0.8ms)[0m  [1m[36mcommit transaction[0m
Migrating to CreateLanguages (20171002140030)
  [1m[35m (0.0ms)[0m  [1m[36mbegin transaction[0m
  [1m[35m (0.3ms)[0m  [1m[35mCREATE TABLE "languages" ("id" INTEGER PRIMARY KEY AUTOINCREMENT NOT NULL, "name" varchar, "date_created" varchar, "latest_version" varchar, "creator" varchar, "short_description" varchar, "created_at" datetime NOT NULL, "updated_at" datetime NOT NULL)[0m
  [1m[35mSQL (0.2ms)[0m  [1m[32mINSERT INTO "schema_migrations" ("version") VALUES (?)[0m  [["version", "20171002140030"]]
  [1m[35m (1.2ms)[0m  [1m[36mcommit transaction[0m
  [1m[36mActiveRecord::InternalMetadata Load (0.1ms)[0m  [1m[34mSELECT  "ar_internal_metadata".* FROM "ar_internal_metadata" WHERE "ar_internal_metadata"."key" = ? LIMIT ?[0m  [["key", "environment"], ["LIMIT", 1]]
  [1m[35m (0.0ms)[0m  [1m[36mbegin transaction[0m
  [1m[35mSQL (0.2ms)[0m  [1m[32mINSERT INTO "ar_internal_metadata" ("key", "value", "created_at", "updated_at") VALUES (?, ?, ?, ?)[0m  [["key", "environment"], ["value", "development"], ["created_at", "2017-10-02 14:10:52.601001"], ["updated_at", "2017-10-02 14:10:52.601001"]]
  [1m[35m (0.7ms)[0m  [1m[36mcommit transaction[0m
  [1m[35m (0.1ms)[0m  [1m[34mSELECT "schema_migrations"."version" FROM "schema_migrations" ORDER BY "schema_migrations"."version" ASC[0m
Started GET "/" for 127.0.0.1 at 2017-10-02 10:10:56 -0400
  [1m[35m (0.1ms)[0m  [1m[34mSELECT "schema_migrations"."version" FROM "schema_migrations" ORDER BY "schema_migrations"."version" ASC[0m
Processing by ApplicationController#home as HTML
  Rendering application/home.erb within layouts/application
  Rendered application/home.erb within layouts/application (0.4ms)
Completed 200 OK in 1063ms (Views: 1053.8ms | ActiveRecord: 0.0ms)


Started GET "/" for 127.0.0.1 at 2017-10-02 10:57:15 -0400
Processing by ApplicationController#home as HTML
  Rendering application/home.erb within layouts/application
  Rendered application/home.erb within layouts/application (0.3ms)
Completed 200 OK in 17ms (Views: 15.0ms)


Started GET "/" for 127.0.0.1 at 2017-10-02 10:57:16 -0400
Processing by ApplicationController#home as HTML
  Rendering application/home.erb within layouts/application
  Rendered application/home.erb within layouts/application (0.3ms)
Completed 200 OK in 17ms (Views: 14.9ms)


Started GET "/" for 127.0.0.1 at 2017-10-02 10:57:17 -0400
Processing by ApplicationController#home as HTML
  Rendering application/home.erb within layouts/application
  Rendered application/home.erb within layouts/application (0.3ms)
Completed 200 OK in 17ms (Views: 15.0ms)


Started GET "/" for 127.0.0.1 at 2017-10-02 10:58:26 -0400
Processing by ApplicationController#home as HTML
  Rendering application/home.erb within layouts/application
  Rendered application/home.erb within layouts/application (0.3ms)
Completed 200 OK in 16ms (Views: 14.6ms)


Started GET "/" for 127.0.0.1 at 2017-10-02 10:59:07 -0400
Processing by ApplicationController#home as HTML
  Rendering application/home.erb within layouts/application
  Rendered application/home.erb within layouts/application (0.3ms)
Completed 200 OK in 18ms (Views: 15.8ms)


Started GET "/" for 127.0.0.1 at 2017-10-02 11:01:05 -0400
Processing by ApplicationController#home as HTML
  Rendering application/home.erb within layouts/application
  Rendered application/home.erb within layouts/application (2.7ms)
Completed 500 Internal Server Error in 7ms


  
ActionView::Template::Error (undefined method `each' for nil:NilClass):
    1: <% @editors.each do |editor| %>
    2: <%= editor %>
    3: <% end %>
  
app/views/application/home.erb:1:in `_app_views_application_home_erb__420333253502280070_70196680548700'
